2013-08-07 22:31:28 WARN  Process:30 - Argumento [0] : C:\Users\Rafael\workspace\analisador-dou\GateDeveloperFiles\ProcessadorPDF\ProcessadorPDF_v5.xapp
2013-08-07 22:31:28 WARN  Process:31 - Argumento [1] : C:\Users\Rafael\Desktop\MestradoApresentacao1\Metodo2b\txt\AtosdoPoderExecutivo\Dou-15102012-1.txt
2013-08-07 22:31:28 WARN  Process:39 - 07-08-2013 10:31:28IOPA ###Process: Dou-15102012-1.txt   size: 10429###arquivoPequeno: Dou-15102012-1.txt   size: 10429
2013-08-07 22:31:28 WARN  DouProcessor:132 - ## Gate home: C:\Users\Rafael\workspace\analisador-dou\AnalisadorDou\lib\GateAPI\gate-7.1-build4485-ALL
2013-08-07 22:31:28 INFO  Gate:297 - Using C:\Users\Rafael\workspace\analisador-dou\AnalisadorDou\lib\GateAPI\gate-7.1-build4485-ALL as GATE home
2013-08-07 22:31:28 INFO  Gate:321 - Using C:\Users\Rafael\workspace\analisador-dou\AnalisadorDou\lib\GateAPI\gate-7.1-build4485-ALL\plugins as installed plug-ins directory.
2013-08-07 22:31:28 INFO  Gate:344 - Using C:\Users\Rafael\workspace\analisador-dou\AnalisadorDou\lib\GateAPI\gate-7.1-build4485-ALL\gate.xml as site configuration file.
2013-08-07 22:31:28 INFO  Gate:356 - Using C:\Users\Rafael\gate.xml as user configuration file
2013-08-07 22:31:28 INFO  Gate:369 - Using C:\Users\Rafael\gate.session as user session file
2013-08-07 22:31:29 INFO  CreoleRegisterImpl:319 - CREOLE plugin loaded: file:/C:/Users/Rafael/workspace/analisador-dou/AnalisadorDou/lib/GateAPI/gate-7.1-build4485-ALL/plugins/ANNIE/
Processing document C:\Users\Rafael\Desktop\MestradoApresentacao1\Metodo2b\txt\AtosdoPoderExecutivo\Dou-15102012-1.txt...2013-08-07 22:31:32 WARN  DouProcessor:81 - appExecute: 511 ms
2013-08-07 22:31:32 WARN  ProcessadorInicioInicio:38 - Quantidade portarias: 0
2013-08-07 22:31:32 WARN  DouProcessor:91 - Portaria: 2 ms
2013-08-07 22:31:32 WARN  DouProcessor:96 - done
2013-08-07 22:31:32 WARN  DouProcessor:98 - Arquivo: 536ms
2013-08-07 22:31:32 WARN  DouProcessor:101 - Fim do programa: 3714 ms
2013-08-07 22:31:32 WARN  Process:56 - NewFile: C:\Users\Rafael\Desktop\MestradoApresentacao1\Metodo2b\ProcessedTxt\AtosdoPoderExecutivo\Dou-15102012-1.txt
2013-08-07 22:31:32 WARN  Process:63 - File is failed to move! ok  C:\Users\Rafael\Desktop\MestradoApresentacao1\Metodo2b\ProcessedTxt\AtosdoPoderExecutivo\Dou-15102012-1.txt
2013-08-07 22:31:32 WARN  Process:30 - Argumento [0] : C:\Users\Rafael\workspace\analisador-dou\GateDeveloperFiles\ProcessadorPDF\ProcessadorPDF_v5.xapp
2013-08-07 22:31:32 WARN  Process:31 - Argumento [1] : C:\Users\Rafael\Desktop\MestradoApresentacao1\Metodo2b\txt\AtosdoPoderExecutivo\Dou-18092012-1.txt
2013-08-07 22:31:32 WARN  Process:39 - 07-08-2013 10:31:32IOPA ###Process: Dou-18092012-1.txt   size: 5840###arquivoPequeno: Dou-18092012-1.txt   size: 5840
2013-08-07 22:31:32 WARN  DouProcessor:132 - ## Gate home: C:\Users\Rafael\workspace\analisador-dou\AnalisadorDou\lib\GateAPI\gate-7.1-build4485-ALL
2013-08-07 22:31:33 INFO  Gate:297 - Using C:\Users\Rafael\workspace\analisador-dou\AnalisadorDou\lib\GateAPI\gate-7.1-build4485-ALL as GATE home
2013-08-07 22:31:33 INFO  Gate:321 - Using C:\Users\Rafael\workspace\analisador-dou\AnalisadorDou\lib\GateAPI\gate-7.1-build4485-ALL\plugins as installed plug-ins directory.
2013-08-07 22:31:33 INFO  Gate:344 - Using C:\Users\Rafael\workspace\analisador-dou\AnalisadorDou\lib\GateAPI\gate-7.1-build4485-ALL\gate.xml as site configuration file.
2013-08-07 22:31:33 INFO  Gate:356 - Using C:\Users\Rafael\gate.xml as user configuration file
2013-08-07 22:31:33 INFO  Gate:369 - Using C:\Users\Rafael\gate.session as user session file
2013-08-07 22:31:34 INFO  CreoleRegisterImpl:319 - CREOLE plugin loaded: file:/C:/Users/Rafael/workspace/analisador-dou/AnalisadorDou/lib/GateAPI/gate-7.1-build4485-ALL/plugins/ANNIE/
Processing document C:\Users\Rafael\Desktop\MestradoApresentacao1\Metodo2b\txt\AtosdoPoderExecutivo\Dou-18092012-1.txt...2013-08-07 22:31:36 WARN  DouProcessor:81 - appExecute: 340 ms
2013-08-07 22:31:36 WARN  ProcessadorInicioInicio:38 - Quantidade portarias: 0
2013-08-07 22:31:36 WARN  DouProcessor:91 - Portaria: 2 ms
2013-08-07 22:31:36 WARN  DouProcessor:96 - done
2013-08-07 22:31:36 WARN  DouProcessor:98 - Arquivo: 366ms
2013-08-07 22:31:36 WARN  DouProcessor:101 - Fim do programa: 3447 ms
2013-08-07 22:31:36 WARN  Process:56 - NewFile: C:\Users\Rafael\Desktop\MestradoApresentacao1\Metodo2b\ProcessedTxt\AtosdoPoderExecutivo\Dou-18092012-1.txt
2013-08-07 22:31:36 WARN  Process:63 - File is failed to move! ok  C:\Users\Rafael\Desktop\MestradoApresentacao1\Metodo2b\ProcessedTxt\AtosdoPoderExecutivo\Dou-18092012-1.txt
2013-08-07 22:31:36 WARN  Process:30 - Argumento [0] : C:\Users\Rafael\workspace\analisador-dou\GateDeveloperFiles\ProcessadorPDF\ProcessadorPDF_v5.xapp
2013-08-07 22:31:36 WARN  Process:31 - Argumento [1] : C:\Users\Rafael\Desktop\MestradoApresentacao1\Metodo2b\txt\AtosdoPoderExecutivo\Dou-20062013-1.txt
2013-08-07 22:31:36 WARN  Process:39 - 07-08-2013 10:31:36IOPA ###Process: Dou-20062013-1.txt   size: 7126###arquivoPequeno: Dou-20062013-1.txt   size: 7126
2013-08-07 22:31:37 WARN  DouProcessor:132 - ## Gate home: C:\Users\Rafael\workspace\analisador-dou\AnalisadorDou\lib\GateAPI\gate-7.1-build4485-ALL
2013-08-07 22:31:37 INFO  Gate:297 - Using C:\Users\Rafael\workspace\analisador-dou\AnalisadorDou\lib\GateAPI\gate-7.1-build4485-ALL as GATE home
2013-08-07 22:31:37 INFO  Gate:321 - Using C:\Users\Rafael\workspace\analisador-dou\AnalisadorDou\lib\GateAPI\gate-7.1-build4485-ALL\plugins as installed plug-ins directory.
2013-08-07 22:31:37 INFO  Gate:344 - Using C:\Users\Rafael\workspace\analisador-dou\AnalisadorDou\lib\GateAPI\gate-7.1-build4485-ALL\gate.xml as site configuration file.
2013-08-07 22:31:37 INFO  Gate:356 - Using C:\Users\Rafael\gate.xml as user configuration file
2013-08-07 22:31:37 INFO  Gate:369 - Using C:\Users\Rafael\gate.session as user session file
2013-08-07 22:31:38 INFO  CreoleRegisterImpl:319 - CREOLE plugin loaded: file:/C:/Users/Rafael/workspace/analisador-dou/AnalisadorDou/lib/GateAPI/gate-7.1-build4485-ALL/plugins/ANNIE/
Processing document C:\Users\Rafael\Desktop\MestradoApresentacao1\Metodo2b\txt\AtosdoPoderExecutivo\Dou-20062013-1.txt...2013-08-07 22:31:40 WARN  DouProcessor:81 - appExecute: 853 ms
2013-08-07 22:31:40 WARN  ProcessadorInicioInicio:38 - Quantidade portarias: 0
2013-08-07 22:31:40 WARN  DouProcessor:91 - Portaria: 3 ms
2013-08-07 22:31:40 WARN  DouProcessor:96 - done
2013-08-07 22:31:40 WARN  DouProcessor:98 - Arquivo: 877ms
2013-08-07 22:31:40 WARN  DouProcessor:101 - Fim do programa: 3874 ms
2013-08-07 22:31:40 WARN  Process:56 - NewFile: C:\Users\Rafael\Desktop\MestradoApresentacao1\Metodo2b\ProcessedTxt\AtosdoPoderExecutivo\Dou-20062013-1.txt
2013-08-07 22:31:40 WARN  Process:63 - File is failed to move! ok  C:\Users\Rafael\Desktop\MestradoApresentacao1\Metodo2b\ProcessedTxt\AtosdoPoderExecutivo\Dou-20062013-1.txt
2013-08-07 22:31:41 WARN  Process:30 - Argumento [0] : C:\Users\Rafael\workspace\analisador-dou\GateDeveloperFiles\ProcessadorPDF\ProcessadorPDF_v5.xapp
2013-08-07 22:31:41 WARN  Process:31 - Argumento [1] : C:\Users\Rafael\Desktop\MestradoApresentacao1\Metodo2b\txt\AtosdoPoderExecutivo\Dou-24012013-1.txt
2013-08-07 22:31:41 WARN  Process:39 - 07-08-2013 10:31:41IOPA ###Process: Dou-24012013-1.txt   size: 791897###arquivoPequeno: Dou-24012013-1.txt   size: 791897
2013-08-07 22:31:41 WARN  DouProcessor:132 - ## Gate home: C:\Users\Rafael\workspace\analisador-dou\AnalisadorDou\lib\GateAPI\gate-7.1-build4485-ALL
2013-08-07 22:31:41 INFO  Gate:297 - Using C:\Users\Rafael\workspace\analisador-dou\AnalisadorDou\lib\GateAPI\gate-7.1-build4485-ALL as GATE home
2013-08-07 22:31:41 INFO  Gate:321 - Using C:\Users\Rafael\workspace\analisador-dou\AnalisadorDou\lib\GateAPI\gate-7.1-build4485-ALL\plugins as installed plug-ins directory.
2013-08-07 22:31:41 INFO  Gate:344 - Using C:\Users\Rafael\workspace\analisador-dou\AnalisadorDou\lib\GateAPI\gate-7.1-build4485-ALL\gate.xml as site configuration file.
2013-08-07 22:31:41 INFO  Gate:356 - Using C:\Users\Rafael\gate.xml as user configuration file
2013-08-07 22:31:41 INFO  Gate:369 - Using C:\Users\Rafael\gate.session as user session file
2013-08-07 22:31:42 INFO  CreoleRegisterImpl:319 - CREOLE plugin loaded: file:/C:/Users/Rafael/workspace/analisador-dou/AnalisadorDou/lib/GateAPI/gate-7.1-build4485-ALL/plugins/ANNIE/
Processing document C:\Users\Rafael\Desktop\MestradoApresentacao1\Metodo2b\txt\AtosdoPoderExecutivo\Dou-24012013-1.txt...